<?xml version="1.0" encoding="UTF-8"?>
<testng-results ignored="0" total="2" passed="2" failed="0" skipped="0">
  <reporter-output>
  </reporter-output>
  <suite started-at="2025-11-13T11:52:34 IST" name="Dashboard Performance Suite" finished-at="2025-11-13T11:53:00 IST" duration-ms="26108">
    <groups>
    </groups>
    <test started-at="2025-11-13T11:52:34 IST" name="Performance Tests" finished-at="2025-11-13T11:53:00 IST" duration-ms="26108">
      <class name="tests.DashboardPerformanceTest">
        <test-method is-config="true" signature="setupBase()[pri:0, instance:tests.DashboardPerformanceTest@6e2829c7]" started-at="2025-11-13T11:52:34 IST" name="setupBase" finished-at="2025-11-13T11:52:37 IST" duration-ms="2925" status="PASS">
          <reporter-output>
          </reporter-output>
        </test-method> <!-- setupBase -->
        <test-method signature="loginAndLoadDashboard()[pri:1, instance:tests.DashboardPerformanceTest@6e2829c7]" started-at="2025-11-13T11:52:37 IST" name="loginAndLoadDashboard" finished-at="2025-11-13T11:52:52 IST" duration-ms="15124" status="PASS">
          <reporter-output>
          </reporter-output>
        </test-method> <!-- loginAndLoadDashboard -->
        <test-method signature="validateAndMeasureDashboardComponents()[pri:2, instance:tests.DashboardPerformanceTest@6e2829c7]" started-at="2025-11-13T11:52:52 IST" name="validateAndMeasureDashboardComponents" finished-at="2025-11-13T11:53:00 IST" depends-on-methods="tests.DashboardPerformanceTest.loginAndLoadDashboard" duration-ms="7340" status="PASS">
          <reporter-output>
          </reporter-output>
        </test-method> <!-- validateAndMeasureDashboardComponents -->
        <test-method is-config="true" signature="teardownBase()[pri:0, instance:tests.DashboardPerformanceTest@6e2829c7]" started-at="2025-11-13T11:53:00 IST" name="teardownBase" finished-at="2025-11-13T11:53:00 IST" duration-ms="659" status="PASS">
          <reporter-output>
          </reporter-output>
        </test-method> <!-- teardownBase -->
      </class> <!-- tests.DashboardPerformanceTest -->
    </test> <!-- Performance Tests -->
  </suite> <!-- Dashboard Performance Suite -->
</testng-results>
