<?xml version="1.0" encoding="UTF-8"?>
<testsuite xmlns:xsi="http://www.w3.org/2001/XMLSchema-instance" xsi:noNamespaceSchemaLocation="https://maven.apache.org/surefire/maven-surefire-plugin/xsd/surefire-test-report-3.0.xsd" version="3.0" name="TestSuite" time="26.953" tests="2" errors="0" skipped="0" failures="0">
  <properties>
[...]
</properties>
  <testcase name="loginAndLoadDashboard" classname="tests.DashboardPerformanceTest" time="15.127">
    <system-out><![CDATA[⚠️ Chrome CDP version not supported yet: You are using a no-op implementation of the CDP. The most likely reason for this is that Selenium was unable to find an implementation of the CDP protocol that matches your browser. Please be sure to include an implementation on the classpath, possibly by adding a new (maven) dependency of `org.seleniumhq.selenium:selenium-devtools-vNN:4.26.0` where `NN` matches the major version of the browser you're using.
Build info: version: '4.26.0', revision: '8ccf0219d7'
System info: os.name: 'Windows 11', os.arch: 'amd64', os.version: '10.0', java.version: '21.0.3'
Driver info: DevTools Connection
⚠️ Running without full CDP network metrics (will auto-fix when Selenium adds v142).
⏱ Open login page took 2111 ms
🔎 Waiting for dashboard chart element to load...
✅ Dashboard chart found successfully!
⏱ Login and wait for dashboard took 12656 ms
]]></system-out>
    <system-err><![CDATA[SLF4J(W): No SLF4J providers were found.
SLF4J(W): Defaulting to no-operation (NOP) logger implementation
SLF4J(W): See https://www.slf4j.org/codes.html#noProviders for further details.
Nov 13, 2025 11:52:37 AM org.openqa.selenium.devtools.CdpVersionFinder findNearestMatch
WARNING: Unable to find CDP implementation matching 142
Nov 13, 2025 11:52:37 AM org.openqa.selenium.chromium.ChromiumDriver lambda$new$5
WARNING: Unable to find version of CDP to use for 142.0.7444.60. You may need to include a dependency on a specific version of the CDP using something similar to `org.seleniumhq.selenium:selenium-devtools-v86:4.26.0` where the version ("v86") matches the version of the chromium-based browser you're using and the version number of the artifact is the same as Selenium's.
]]></system-err>
  </testcase>
  <testcase name="validateAndMeasureDashboardComponents" classname="tests.DashboardPerformanceTest" time="7.341">
    <system-out><![CDATA[⏱ Open filter panel took 204 ms
⏱ Apply filters & reload data took 1040 ms
⏱ Verify KPI cards are present & numeric took 4514 ms
📋 Waiting for report table element and rows to appear...
⚠️ Table still hidden, forcing visibility via JavaScript...
🔍 Checking rows... current count: 1
⏱ Country table load & rows took 71 ms
📊 Graph size detected: 1135x562
⏱ Graph rendering took 49 ms
🔢 Checking pre & post application counts (mocking if missing)…
👁 Found 6 count elements before injection.
🔁 Rechecking counts after injection:
→ id='pre_section_total_leads', displayed=true, text='2'
→ id='pre_section_non_connected_leads', displayed=true, text='0'
→ id='pre_section_connected_leads', displayed=true, text='2'
→ id='prospective_count', displayed=true, text='0'
→ id='final_shortlist_count', displayed=true, text='0'
→ id='noFollowupLeadsCounts', displayed=true, text='0'
✅ Pre/Post counts validated successfully (mocked or real).
⏱ Pre/Post application counts took 311 ms
]]></system-out>
  </testcase>
</testsuite>