<?xml version="1.0" encoding="UTF-8"?>
<!-- Generated by org.testng.reporters.JUnitReportReporter -->
<testsuite hostname="LAPTOP-F5S5PU2F" failures="0" tests="2" name="tests.DashboardPerformanceTest" time="22.464" errors="0" timestamp="2025-11-13T11:53:00 IST" skipped="0">
  <testcase classname="tests.DashboardPerformanceTest" name="loginAndLoadDashboard" time="15.124"/>
  <testcase classname="tests.DashboardPerformanceTest" name="validateAndMeasureDashboardComponents" time="7.340"/>
</testsuite> <!-- tests.DashboardPerformanceTest -->
